
=======================================================
  💰 MidasTouch — Paper Trading Bot (Phase 1)
=======================================================
Traceback (most recent call last):
  File "/home/ubuntu/.openclaw/workspace/midastouch/main.py", line 126, in <module>
    run()
  File "/home/ubuntu/.openclaw/workspace/midastouch/main.py", line 34, in run
    trader = PaperTrader(initial_capital=INITIAL_CAPITAL)
             ^^^^^^^^^^^^^^^^^^^^^^^^^^^^^^^^^^^^^^^^^^^^
TypeError: PaperTrader.__init__() got an unexpected keyword argument 'initial_capital'

=======================================================
  💰 MidasTouch — Paper Trading Bot (Phase 1)
=======================================================
  Starting capital: $1,000.00
  Symbols: BTC/USDT, ETH/USDT, SOL/USDT
  Timeframe: 1h
  Loop interval: 300s
=======================================================
/home/ubuntu/.openclaw/workspace/midastouch/main.py:47: DeprecationWarning: datetime.datetime.utcnow() is deprecated and scheduled for removal in a future version. Use timezone-aware objects to represent datetimes in UTC: datetime.datetime.now(datetime.UTC).
  now = datetime.utcnow().strftime('%Y-%m-%d %H:%M:%S UTC')

[Loop 1] 2026-03-24 21:09:34 UTC
  BTC/USDT: $70020.00 | bear | hold (-0.09)
  ETH/USDT: $2144.32 | sideways | hold (-0.04)
  SOL/USDT: $89.90 | bear | hold (-0.09)

  📊 Capital: $1000.00 | Return: +0.00% | Drawdown: 0.0%
  Positions: 0 open | Cash: $1000.00
  ⏳ Next loop in 300s...
